<?xml version="1.0" encoding="UTF-8"?>
<!-- Generated by org.testng.reporters.JUnitXMLReporter -->
<testsuite hostname="DESKTOP-90MBKRF" ignored="0" name="Default test" tests="4" failures="0" timestamp="15 Jan 2021 11:18:19 GMT" time="42.763" errors="0">
  <testcase name="loginMethod" time="7.714" classname="Academy.E2EProject.LoginPageMain"/>
  <testcase name="loginAsDoctorAttend" time="10.881" classname="Academy.E2EProject.LoginPageMain"/>
  <testcase name="loginAsDoctorAddRoundNotes" time="5.654" classname="Academy.E2EProject.LoginPageMain"/>
  <testcase name="loginAsDoctorAddPrescription" time="6.094" classname="Academy.E2EProject.LoginPageMain"/>
</testsuite> <!-- Default test -->
