<?xml version="1.0" encoding="UTF-8"?>
<!-- Generated by org.testng.reporters.JUnitXMLReporter -->
<testsuite hostname="DESKTOP-90MBKRF" ignored="0" name="Login Page Test Case" tests="0" failures="0" timestamp="31 Dec 2020 05:56:33 GMT" time="0.114" errors="0">
  <testcase name="@BeforeClass setUpClass" time="0.113" classname="io.cucumber.testng.AbstractTestNGCucumberTests">
    <failure type="java.lang.IllegalArgumentException" message="path must exist: C:\Users\jitendra.battise\E2EProject\src\test\java\features">
      <![CDATA[java.lang.IllegalArgumentException: path must exist: C:\Users\jitendra.battise\E2EProject\src\test\java\featuresat io.cucumber.core.resource.PathScanner.findResourcesForPath(PathScanner.java:44)at io.cucumber.core.resource.PathScanner.findResourcesForUri(PathScanner.java:28)at io.cucumber.core.resource.ResourceScanner.findResourcesForUri(ResourceScanner.java:61)at io.cucumber.core.resource.ResourceScanner.scanForResourcesUri(ResourceScanner.java:134)at io.cucumber.core.runtime.FeaturePathFeatureSupplier.loadFeatures(FeaturePathFeatureSupplier.java:62)at io.cucumber.core.runtime.FeaturePathFeatureSupplier.get(FeaturePathFeatureSupplier.java:45)at io.cucumber.testng.TestNGCucumberRunner.<init>(TestNGCucumberRunner.java:107)at io.cucumber.testng.AbstractTestNGCucumberTests.setUpClass(AbstractTestNGCucumberTests.java:23)... Removed 30 stack frames]]>
    </failure>
  </testcase> <!-- @BeforeClass setUpClass -->
</testsuite> <!-- Login Page Test Case -->
