<?xml version="1.0" encoding="UTF-8"?>
<testng-results skipped="0" failed="0" ignored="0" total="4" passed="4">
  <reporter-output>
  </reporter-output>
  <suite name="HMS Rajbahadur" duration-ms="83715" started-at="2021-01-14T05:33:35Z" finished-at="2021-01-14T05:34:58Z">
    <groups>
    </groups>
    <test name="Login Page Test Case" duration-ms="44591" started-at="2021-01-14T05:33:35Z" finished-at="2021-01-14T05:34:19Z">
      <class name="Academy.E2EProject.LoginPageMain">
        <test-method status="PASS" signature="before()[pri:0, instance:Academy.E2EProject.LoginPageMain@4206a205]" name="before" is-config="true" duration-ms="12720" started-at="2021-01-14T11:03:35Z" finished-at="2021-01-14T11:03:47Z">
          <reporter-output>
          </reporter-output>
        </test-method> <!-- before -->
        <test-method status="PASS" signature="loginMethod()[pri:0, instance:Academy.E2EProject.LoginPageMain@4206a205]" name="loginMethod" duration-ms="5158" started-at="2021-01-14T11:03:47Z" finished-at="2021-01-14T11:03:53Z">
          <reporter-output>
          </reporter-output>
        </test-method> <!-- loginMethod -->
        <test-method status="PASS" signature="ipdRegistration()[pri:1, instance:Academy.E2EProject.LoginPageMain@4206a205]" name="ipdRegistration" duration-ms="26668" started-at="2021-01-14T11:03:53Z" finished-at="2021-01-14T11:04:19Z">
          <reporter-output>
          </reporter-output>
        </test-method> <!-- ipdRegistration -->
        <test-method status="PASS" signature="after()[pri:0, instance:Academy.E2EProject.LoginPageMain@4206a205]" name="after" is-config="true" duration-ms="0" started-at="2021-01-14T11:04:19Z" finished-at="2021-01-14T11:04:19Z">
          <reporter-output>
          </reporter-output>
        </test-method> <!-- after -->
      </class> <!-- Academy.E2EProject.LoginPageMain -->
    </test> <!-- Login Page Test Case -->
    <test name="Add Enquiry Test Case" duration-ms="20033" started-at="2021-01-14T05:34:20Z" finished-at="2021-01-14T05:34:40Z">
      <class name="Academy.E2EProject.AddEnquiryMain">
        <test-method status="PASS" signature="before()[pri:0, instance:Academy.E2EProject.AddEnquiryMain@67e2d983]" name="before" is-config="true" duration-ms="6965" started-at="2021-01-14T11:04:20Z" finished-at="2021-01-14T11:04:27Z">
          <reporter-output>
          </reporter-output>
        </test-method> <!-- before -->
        <test-method status="PASS" signature="enquiryAdd()[pri:0, instance:Academy.E2EProject.AddEnquiryMain@67e2d983]" name="enquiryAdd" duration-ms="13066" started-at="2021-01-14T11:04:27Z" finished-at="2021-01-14T11:04:40Z">
          <reporter-output>
          </reporter-output>
        </test-method> <!-- enquiryAdd -->
        <test-method status="PASS" signature="after()[pri:0, instance:Academy.E2EProject.AddEnquiryMain@67e2d983]" name="after" is-config="true" duration-ms="0" started-at="2021-01-14T11:04:40Z" finished-at="2021-01-14T11:04:40Z">
          <reporter-output>
          </reporter-output>
        </test-method> <!-- after -->
      </class> <!-- Academy.E2EProject.AddEnquiryMain -->
    </test> <!-- Add Enquiry Test Case -->
    <test name="OPD Registration Test Case" duration-ms="18319" started-at="2021-01-14T05:34:40Z" finished-at="2021-01-14T05:34:58Z">
      <class name="Academy.E2EProject.OPDRegistrationMain">
        <test-method status="PASS" signature="before()[pri:0, instance:Academy.E2EProject.OPDRegistrationMain@ca263c2]" name="before" is-config="true" duration-ms="6445" started-at="2021-01-14T11:04:40Z" finished-at="2021-01-14T11:04:46Z">
          <reporter-output>
          </reporter-output>
        </test-method> <!-- before -->
        <test-method status="PASS" signature="OPDRegMethod()[pri:0, instance:Academy.E2EProject.OPDRegistrationMain@ca263c2]" name="OPDRegMethod" duration-ms="11872" started-at="2021-01-14T11:04:46Z" finished-at="2021-01-14T11:04:58Z">
          <reporter-output>
          </reporter-output>
        </test-method> <!-- OPDRegMethod -->
        <test-method status="PASS" signature="after()[pri:0, instance:Academy.E2EProject.OPDRegistrationMain@ca263c2]" name="after" is-config="true" duration-ms="0" started-at="2021-01-14T11:04:58Z" finished-at="2021-01-14T11:04:58Z">
          <reporter-output>
          </reporter-output>
        </test-method> <!-- after -->
      </class> <!-- Academy.E2EProject.OPDRegistrationMain -->
    </test> <!-- OPD Registration Test Case -->
  </suite> <!-- HMS Rajbahadur -->
</testng-results>
