<?xml version="1.0" encoding="UTF-8"?>
<testsuite xmlns:xsi="http://www.w3.org/2001/XMLSchema-instance" xsi:noNamespaceSchemaLocation="https://maven.apache.org/surefire/maven-surefire-plugin/xsd/surefire-test-report.xsd" name="TestSuite" time="85.613" tests="4" errors="0" skipped="0" failures="0">
  <properties>
[...]
</properties>
  <testcase name="loginMethod" classname="Academy.E2EProject.LoginPageMain" time="5.11"/>
  <testcase name="ipdRegistration" classname="Academy.E2EProject.LoginPageMain" time="26.667"/>
  <testcase name="enquiryAdd" classname="Academy.E2EProject.AddEnquiryMain" time="13.067"/>
  <testcase name="OPDRegMethod" classname="Academy.E2EProject.OPDRegistrationMain" time="11.872"/>
</testsuite>