<?xml version="1.0" encoding="UTF-8"?>
<testsuite xmlns:xsi="http://www.w3.org/2001/XMLSchema-instance" xsi:noNamespaceSchemaLocation="https://maven.apache.org/surefire/maven-surefire-plugin/xsd/surefire-test-report.xsd" name="TestSuite" time="55.52" tests="3" errors="0" skipped="0" failures="0">
  <properties>
[...]
</properties>
  <testcase name="loginMethod" classname="Academy.E2EProject.LoginPageMain" time="3.26"/>
  <testcase name="enquiryAdd" classname="Academy.E2EProject.AddEnquiryMain" time="12.93"/>
  <testcase name="OPDRegMethod" classname="Academy.E2EProject.OPDRegistrationMain" time="11.504"/>
</testsuite>