<?xml version="1.0" encoding="UTF-8"?>
<!-- Generated by org.testng.reporters.JUnitXMLReporter -->
<testsuite hostname="Laptop" ignored="0" name="Add Enquiry Test Case" tests="1" failures="1" timestamp="23 Jan 2021 15:05:12 GMT" time="24.262" errors="0">
  <testcase name="enquiryAdd" time="16.489" classname="Academy.E2EProject.AddEnquiryMain">
    <failure type="java.lang.NullPointerException">
      <![CDATA[java.lang.NullPointerException
at Academy.E2EProject.AddEnquiryMain.enquiryAdd(AddEnquiryMain.java:88)
... Removed 25 stack frames]]>
    </failure>
  </testcase> <!-- enquiryAdd -->
</testsuite> <!-- Add Enquiry Test Case -->
