<?xml version="1.0" encoding="UTF-8"?>
<!-- Generated by org.testng.reporters.JUnitXMLReporter -->
<testsuite hostname="DESKTOP-90MBKRF" ignored="0" name="Login Page Test Case" tests="6" failures="1" timestamp="18 Jan 2021 13:36:43 GMT" time="73.759" errors="0">
  <testcase name="login" time="3.188" classname="Academy.E2EProject.LoginPageMain"/>
  <testcase name="IPDRegistration" time="28.844" classname="Academy.E2EProject.ipdAddUpdateMain">
    <failure type="java.lang.NullPointerException">
      <![CDATA[java.lang.NullPointerException
at Academy.E2EProject.ipdAddUpdateMain.IPDRegistration(ipdAddUpdateMain.java:67)
... Removed 25 stack frames]]>
    </failure>
  </testcase> <!-- IPDRegistration -->
  <testcase name="IPDUpdate" time="7.208" classname="Academy.E2EProject.ipdAddUpdateMain"/>
  <testcase name="DoctorAttendPatient" time="8.621" classname="Academy.E2EProject.attendPatient"/>
  <testcase name="DoctorAddRoundNotes" time="5.672" classname="Academy.E2EProject.addRoundNotes"/>
  <testcase name="DoctorAddPrescription" time="6.583" classname="Academy.E2EProject.addPrescription"/>
</testsuite> <!-- Login Page Test Case -->
