<?xml version="1.0" encoding="UTF-8"?>
<!-- Generated by org.testng.reporters.JUnitXMLReporter -->
<testsuite hostname="DESKTOP-90MBKRF" ignored="0" name="OPD Registration Test Case" tests="1" failures="1" timestamp="18 Jan 2021 13:37:47 GMT" time="35.524" errors="0">
  <testcase name="OPDRegMethod" time="12.711" classname="Academy.E2EProject.OPDRegistrationMain">
    <failure type="java.lang.NullPointerException">
      <![CDATA[java.lang.NullPointerException
at Academy.E2EProject.OPDRegistrationMain.OPDRegMethod(OPDRegistrationMain.java:111)
... Removed 25 stack frames]]>
    </failure>
  </testcase> <!-- OPDRegMethod -->
</testsuite> <!-- OPD Registration Test Case -->
