<?xml version="1.0" encoding="UTF-8"?>
<!-- Generated by org.testng.reporters.JUnitXMLReporter -->
<testsuite hostname="DESKTOP-90MBKRF" ignored="0" name="OPD Registration Test Case" tests="1" failures="0" timestamp="30 Dec 2020 13:22:20 GMT" time="13.406" errors="0">
  <testcase name="@BeforeTest before" time="13.385" classname="Academy.E2EProject.OPDRegistrationMain">
    <failure type="org.openqa.selenium.SessionNotCreatedException" message="session not created
from chrome not reachable
  (Session info: chrome=87.0.4280.88)
Build info: version: &amp;apos;3.141.59&amp;apos;, revision: &amp;apos;e82be7d358&amp;apos;, time: &amp;apos;2018-11-14T08:25:48&amp;apos;
System info: host: &amp;apos;DESKTOP-90MBKRF&amp;apos;, ip: &amp;apos;192.168.56.1&amp;apos;, os.name: &amp;apos;Windows 10&amp;apos;, os.arch: &amp;apos;amd64&amp;apos;, os.version: &amp;apos;10.0&amp;apos;, java.version: &amp;apos;1.8.0_251&amp;apos;
Driver info: driver.version: ChromeDriver
remote stacktrace: Backtrace:
	Ordinal0 [0x0061C0C3+3326147]
	Ordinal0 [0x00500851+2164817]
	Ordinal0 [0x00387140+618816]
	Ordinal0 [0x0037D404+578564]
	Ordinal0 [0x0037DACB+580299]
	Ordinal0 [0x0037ED35+585013]
	Ordinal0 [0x00379D61+564577]
	Ordinal0 [0x003882C0+623296]
	Ordinal0 [0x00326BDD+224221]
	Ordinal0 [0x00325CAC+220332]
	Ordinal0 [0x0032189B+202907]
	Ordinal0 [0x00303DF4+81396]
	Ordinal0 [0x00304DEE+85486]
	Ordinal0 [0x00304D79+85369]
	Ordinal0 [0x005185DC+2262492]
	GetHandleVerifier [0x007A2874+1487204]
	GetHandleVerifier [0x007A23CD+1486013]
	GetHandleVerifier [0x007AA368+1518680]
	GetHandleVerifier [0x007A2F4E+1488958]
	Ordinal0 [0x0050ED0D+2223373]
	Ordinal0 [0x0051A12B+2269483]
	Ordinal0 [0x0051A26F+2269807]
	Ordinal0 [0x0052ECB8+2354360]
	BaseThreadInitThunk [0x772B6359+25]
	RtlGetAppContainerNamedObjectPath [0x774A8944+228]
	RtlGetAppContainerNamedObjectPath [0x774A8914+180]
">
      <![CDATA[org.openqa.selenium.SessionNotCreatedException: session not created
from chrome not reachable
  (Session info: chrome=87.0.4280.88)
Build info: version: '3.141.59', revision: 'e82be7d358', time: '2018-11-14T08:25:48'
System info: host: 'DESKTOP-90MBKRF', ip: '192.168.56.1', os.name: 'Windows 10', os.arch: 'amd64', os.version: '10.0', java.version: '1.8.0_251'
Driver info: driver.version: ChromeDriver
remote stacktrace: Backtrace:
Ordinal0 [0x0061C0C3+3326147]
Ordinal0 [0x00500851+2164817]
Ordinal0 [0x00387140+618816]
Ordinal0 [0x0037D404+578564]
Ordinal0 [0x0037DACB+580299]
Ordinal0 [0x0037ED35+585013]
Ordinal0 [0x00379D61+564577]
Ordinal0 [0x003882C0+623296]
Ordinal0 [0x00326BDD+224221]
Ordinal0 [0x00325CAC+220332]
Ordinal0 [0x0032189B+202907]
Ordinal0 [0x00303DF4+81396]
Ordinal0 [0x00304DEE+85486]
Ordinal0 [0x00304D79+85369]
Ordinal0 [0x005185DC+2262492]
GetHandleVerifier [0x007A2874+1487204]
GetHandleVerifier [0x007A23CD+1486013]
GetHandleVerifier [0x007AA368+1518680]
GetHandleVerifier [0x007A2F4E+1488958]
Ordinal0 [0x0050ED0D+2223373]
Ordinal0 [0x0051A12B+2269483]
Ordinal0 [0x0051A26F+2269807]
Ordinal0 [0x0052ECB8+2354360]
BaseThreadInitThunk [0x772B6359+25]
RtlGetAppContainerNamedObjectPath [0x774A8944+228]
RtlGetAppContainerNamedObjectPath [0x774A8914+180]

at org.openqa.selenium.remote.W3CHandshakeResponse.lambda$errorHandler$0(W3CHandshakeResponse.java:62)
at org.openqa.selenium.remote.HandshakeResponse.lambda$getResponseFunction$0(HandshakeResponse.java:30)
at org.openqa.selenium.remote.ProtocolHandshake.lambda$createSession$0(ProtocolHandshake.java:126)
at java.util.stream.ReferencePipeline$3$1.accept(Unknown Source)
at java.util.Spliterators$ArraySpliterator.tryAdvance(Unknown Source)
at java.util.stream.ReferencePipeline.forEachWithCancel(Unknown Source)
at java.util.stream.AbstractPipeline.copyIntoWithCancel(Unknown Source)
at java.util.stream.AbstractPipeline.copyInto(Unknown Source)
at java.util.stream.AbstractPipeline.wrapAndCopyInto(Unknown Source)
at java.util.stream.FindOps$FindOp.evaluateSequential(Unknown Source)
at java.util.stream.AbstractPipeline.evaluate(Unknown Source)
at java.util.stream.ReferencePipeline.findFirst(Unknown Source)
at org.openqa.selenium.remote.ProtocolHandshake.createSession(ProtocolHandshake.java:128)
at org.openqa.selenium.remote.ProtocolHandshake.createSession(ProtocolHandshake.java:74)
at org.openqa.selenium.remote.HttpCommandExecutor.execute(HttpCommandExecutor.java:136)
at org.openqa.selenium.remote.service.DriverCommandExecutor.execute(DriverCommandExecutor.java:83)
at org.openqa.selenium.remote.RemoteWebDriver.execute(RemoteWebDriver.java:552)
at org.openqa.selenium.remote.RemoteWebDriver.startSession(RemoteWebDriver.java:213)
at org.openqa.selenium.remote.RemoteWebDriver.<init>(RemoteWebDriver.java:131)
at org.openqa.selenium.chrome.ChromeDriver.<init>(ChromeDriver.java:181)
at org.openqa.selenium.chrome.ChromeDriver.<init>(ChromeDriver.java:168)
at org.openqa.selenium.chrome.ChromeDriver.<init>(ChromeDriver.java:157)
at resources.base.initialisationBrowser(base.java:43)
at Academy.E2EProject.OPDRegistrationMain.before(OPDRegistrationMain.java:31)
... Removed 28 stack frames]]>
    </failure>
  </testcase> <!-- @BeforeTest before -->
  <testcase name="@AfterTest after" time="0.0" classname="Academy.E2EProject.OPDRegistrationMain">
    <skipped/>
  </testcase> <!-- @AfterTest after -->
  <testcase name="OPDRegMethod" time="0.0" classname="Academy.E2EProject.OPDRegistrationMain">
    <skipped/>
  </testcase> <!-- OPDRegMethod -->
</testsuite> <!-- OPD Registration Test Case -->
