<?xml version="1.0" encoding="UTF-8"?>
<testng-results skipped="2" failed="0" ignored="0" total="3" passed="1">
  <reporter-output>
  </reporter-output>
  <suite name="HMS Rajbahadur" duration-ms="36852" started-at="2020-12-30T13:21:43Z" finished-at="2020-12-30T13:22:20Z">
    <groups>
    </groups>
    <test name="Login Page Test Case" duration-ms="9404" started-at="2020-12-30T13:21:43Z" finished-at="2020-12-30T13:21:53Z">
      <class name="Academy.E2EProject.LoginPageMain">
        <test-method status="PASS" signature="before()[pri:0, instance:Academy.E2EProject.LoginPageMain@3745e5c6]" name="before" is-config="true" duration-ms="7275" started-at="2020-12-30T13:21:43Z" finished-at="2020-12-30T13:21:51Z">
          <reporter-output>
          </reporter-output>
        </test-method> <!-- before -->
        <test-method status="PASS" signature="loginMethod()[pri:0, instance:Academy.E2EProject.LoginPageMain@3745e5c6]" name="loginMethod" duration-ms="1949" started-at="2020-12-30T13:21:51Z" finished-at="2020-12-30T13:21:53Z">
          <reporter-output>
          </reporter-output>
        </test-method> <!-- loginMethod -->
        <test-method status="PASS" signature="after()[pri:0, instance:Academy.E2EProject.LoginPageMain@3745e5c6]" name="after" is-config="true" duration-ms="155" started-at="2020-12-30T13:21:53Z" finished-at="2020-12-30T13:21:53Z">
          <reporter-output>
          </reporter-output>
        </test-method> <!-- after -->
      </class> <!-- Academy.E2EProject.LoginPageMain -->
    </test> <!-- Login Page Test Case -->
    <test name="Add Enquiry Test Case" duration-ms="13543" started-at="2020-12-30T13:21:53Z" finished-at="2020-12-30T13:22:07Z">
      <class name="Academy.E2EProject.AddEnquiryMain">
        <test-method status="FAIL" signature="before()[pri:0, instance:Academy.E2EProject.AddEnquiryMain@7995092a]" name="before" is-config="true" duration-ms="13517" started-at="2020-12-30T13:21:53Z" finished-at="2020-12-30T13:22:07Z">
          <exception class="org.openqa.selenium.SessionNotCreatedException">
            <message>
              <![CDATA[session not created
from chrome not reachable
  (Session info: chrome=87.0.4280.88)
Build info: version: '3.141.59', revision: 'e82be7d358', time: '2018-11-14T08:25:48'
System info: host: 'DESKTOP-90MBKRF', ip: '192.168.56.1', os.name: 'Windows 10', os.arch: 'amd64', os.version: '10.0', java.version: '1.8.0_251'
Driver info: driver.version: ChromeDriver
remote stacktrace: Backtrace:
Ordinal0 [0x0061C0C3+3326147]
Ordinal0 [0x00500851+2164817]
Ordinal0 [0x00387140+618816]
Ordinal0 [0x0037D404+578564]
Ordinal0 [0x0037DACB+580299]
Ordinal0 [0x0037ED35+585013]
Ordinal0 [0x00379D61+564577]
Ordinal0 [0x003882C0+623296]
Ordinal0 [0x00326BDD+224221]
Ordinal0 [0x00325CAC+220332]
Ordinal0 [0x0032189B+202907]
Ordinal0 [0x00303DF4+81396]
Ordinal0 [0x00304DEE+85486]
Ordinal0 [0x00304D79+85369]
Ordinal0 [0x005185DC+2262492]
GetHandleVerifier [0x007A2874+1487204]
GetHandleVerifier [0x007A23CD+1486013]
GetHandleVerifier [0x007AA368+1518680]
GetHandleVerifier [0x007A2F4E+1488958]
Ordinal0 [0x0050ED0D+2223373]
Ordinal0 [0x0051A12B+2269483]
Ordinal0 [0x0051A26F+2269807]
Ordinal0 [0x0052ECB8+2354360]
BaseThreadInitThunk [0x772B6359+25]
RtlGetAppContainerNamedObjectPath [0x774A8944+228]
RtlGetAppContainerNamedObjectPath [0x774A8914+180]
]]>
            </message>
            <full-stacktrace>
              <![CDATA[org.openqa.selenium.SessionNotCreatedException: session not created
from chrome not reachable
  (Session info: chrome=87.0.4280.88)
Build info: version: '3.141.59', revision: 'e82be7d358', time: '2018-11-14T08:25:48'
System info: host: 'DESKTOP-90MBKRF', ip: '192.168.56.1', os.name: 'Windows 10', os.arch: 'amd64', os.version: '10.0', java.version: '1.8.0_251'
Driver info: driver.version: ChromeDriver
remote stacktrace: Backtrace:
Ordinal0 [0x0061C0C3+3326147]
Ordinal0 [0x00500851+2164817]
Ordinal0 [0x00387140+618816]
Ordinal0 [0x0037D404+578564]
Ordinal0 [0x0037DACB+580299]
Ordinal0 [0x0037ED35+585013]
Ordinal0 [0x00379D61+564577]
Ordinal0 [0x003882C0+623296]
Ordinal0 [0x00326BDD+224221]
Ordinal0 [0x00325CAC+220332]
Ordinal0 [0x0032189B+202907]
Ordinal0 [0x00303DF4+81396]
Ordinal0 [0x00304DEE+85486]
Ordinal0 [0x00304D79+85369]
Ordinal0 [0x005185DC+2262492]
GetHandleVerifier [0x007A2874+1487204]
GetHandleVerifier [0x007A23CD+1486013]
GetHandleVerifier [0x007AA368+1518680]
GetHandleVerifier [0x007A2F4E+1488958]
Ordinal0 [0x0050ED0D+2223373]
Ordinal0 [0x0051A12B+2269483]
Ordinal0 [0x0051A26F+2269807]
Ordinal0 [0x0052ECB8+2354360]
BaseThreadInitThunk [0x772B6359+25]
RtlGetAppContainerNamedObjectPath [0x774A8944+228]
RtlGetAppContainerNamedObjectPath [0x774A8914+180]

at sun.reflect.NativeConstructorAccessorImpl.newInstance0(Native Method)
at sun.reflect.NativeConstructorAccessorImpl.newInstance(Unknown Source)
at sun.reflect.DelegatingConstructorAccessorImpl.newInstance(Unknown Source)
at java.lang.reflect.Constructor.newInstance(Unknown Source)
at org.openqa.selenium.remote.W3CHandshakeResponse.lambda$errorHandler$0(W3CHandshakeResponse.java:62)
at org.openqa.selenium.remote.HandshakeResponse.lambda$getResponseFunction$0(HandshakeResponse.java:30)
at org.openqa.selenium.remote.ProtocolHandshake.lambda$createSession$0(ProtocolHandshake.java:126)
at java.util.stream.ReferencePipeline$3$1.accept(Unknown Source)
at java.util.Spliterators$ArraySpliterator.tryAdvance(Unknown Source)
at java.util.stream.ReferencePipeline.forEachWithCancel(Unknown Source)
at java.util.stream.AbstractPipeline.copyIntoWithCancel(Unknown Source)
at java.util.stream.AbstractPipeline.copyInto(Unknown Source)
at java.util.stream.AbstractPipeline.wrapAndCopyInto(Unknown Source)
at java.util.stream.FindOps$FindOp.evaluateSequential(Unknown Source)
at java.util.stream.AbstractPipeline.evaluate(Unknown Source)
at java.util.stream.ReferencePipeline.findFirst(Unknown Source)
at org.openqa.selenium.remote.ProtocolHandshake.createSession(ProtocolHandshake.java:128)
at org.openqa.selenium.remote.ProtocolHandshake.createSession(ProtocolHandshake.java:74)
at org.openqa.selenium.remote.HttpCommandExecutor.execute(HttpCommandExecutor.java:136)
at org.openqa.selenium.remote.service.DriverCommandExecutor.execute(DriverCommandExecutor.java:83)
at org.openqa.selenium.remote.RemoteWebDriver.execute(RemoteWebDriver.java:552)
at org.openqa.selenium.remote.RemoteWebDriver.startSession(RemoteWebDriver.java:213)
at org.openqa.selenium.remote.RemoteWebDriver.<init>(RemoteWebDriver.java:131)
at org.openqa.selenium.chrome.ChromeDriver.<init>(ChromeDriver.java:181)
at org.openqa.selenium.chrome.ChromeDriver.<init>(ChromeDriver.java:168)
at org.openqa.selenium.chrome.ChromeDriver.<init>(ChromeDriver.java:157)
at resources.base.initialisationBrowser(base.java:43)
at Academy.E2EProject.AddEnquiryMain.before(AddEnquiryMain.java:26)
at sun.reflect.NativeMethodAccessorImpl.invoke0(Native Method)
at sun.reflect.NativeMethodAccessorImpl.invoke(Unknown Source)
at sun.reflect.DelegatingMethodAccessorImpl.invoke(Unknown Source)
at java.lang.reflect.Method.invoke(Unknown Source)
at org.testng.internal.MethodInvocationHelper.invokeMethod(MethodInvocationHelper.java:124)
at org.testng.internal.MethodInvocationHelper.invokeMethodConsideringTimeout(MethodInvocationHelper.java:59)
at org.testng.internal.Invoker.invokeConfigurationMethod(Invoker.java:458)
at org.testng.internal.Invoker.invokeConfigurations(Invoker.java:222)
at org.testng.internal.Invoker.invokeConfigurations(Invoker.java:142)
at org.testng.TestRunner.beforeRun(TestRunner.java:529)
at org.testng.TestRunner.run(TestRunner.java:497)
at org.testng.SuiteRunner.runTest(SuiteRunner.java:455)
at org.testng.SuiteRunner.runSequentially(SuiteRunner.java:450)
at org.testng.SuiteRunner.privateRun(SuiteRunner.java:415)
at org.testng.SuiteRunner.run(SuiteRunner.java:364)
at org.testng.SuiteRunnerWorker.runSuite(SuiteRunnerWorker.java:52)
at org.testng.SuiteRunnerWorker.run(SuiteRunnerWorker.java:84)
at org.testng.TestNG.runSuitesSequentially(TestNG.java:1208)
at org.testng.TestNG.runSuitesLocally(TestNG.java:1137)
at org.testng.TestNG.runSuites(TestNG.java:1049)
at org.testng.TestNG.run(TestNG.java:1017)
at org.testng.remote.AbstractRemoteTestNG.run(AbstractRemoteTestNG.java:114)
at org.testng.remote.RemoteTestNG.initAndRun(RemoteTestNG.java:251)
at org.testng.remote.RemoteTestNG.main(RemoteTestNG.java:77)
]]>
            </full-stacktrace>
          </exception> <!-- org.openqa.selenium.SessionNotCreatedException -->
          <reporter-output>
          </reporter-output>
        </test-method> <!-- before -->
        <test-method status="SKIP" signature="enquiryAdd(java.lang.String, java.lang.String)[pri:0, instance:Academy.E2EProject.AddEnquiryMain@7995092a]" name="enquiryAdd" duration-ms="0" started-at="2020-12-30T13:22:07Z" data-provider="getData" finished-at="2020-12-30T13:22:07Z">
          <exception class="org.openqa.selenium.SessionNotCreatedException">
            <message>
              <![CDATA[session not created
from chrome not reachable
  (Session info: chrome=87.0.4280.88)
Build info: version: '3.141.59', revision: 'e82be7d358', time: '2018-11-14T08:25:48'
System info: host: 'DESKTOP-90MBKRF', ip: '192.168.56.1', os.name: 'Windows 10', os.arch: 'amd64', os.version: '10.0', java.version: '1.8.0_251'
Driver info: driver.version: ChromeDriver
remote stacktrace: Backtrace:
Ordinal0 [0x0061C0C3+3326147]
Ordinal0 [0x00500851+2164817]
Ordinal0 [0x00387140+618816]
Ordinal0 [0x0037D404+578564]
Ordinal0 [0x0037DACB+580299]
Ordinal0 [0x0037ED35+585013]
Ordinal0 [0x00379D61+564577]
Ordinal0 [0x003882C0+623296]
Ordinal0 [0x00326BDD+224221]
Ordinal0 [0x00325CAC+220332]
Ordinal0 [0x0032189B+202907]
Ordinal0 [0x00303DF4+81396]
Ordinal0 [0x00304DEE+85486]
Ordinal0 [0x00304D79+85369]
Ordinal0 [0x005185DC+2262492]
GetHandleVerifier [0x007A2874+1487204]
GetHandleVerifier [0x007A23CD+1486013]
GetHandleVerifier [0x007AA368+1518680]
GetHandleVerifier [0x007A2F4E+1488958]
Ordinal0 [0x0050ED0D+2223373]
Ordinal0 [0x0051A12B+2269483]
Ordinal0 [0x0051A26F+2269807]
Ordinal0 [0x0052ECB8+2354360]
BaseThreadInitThunk [0x772B6359+25]
RtlGetAppContainerNamedObjectPath [0x774A8944+228]
RtlGetAppContainerNamedObjectPath [0x774A8914+180]
]]>
            </message>
            <full-stacktrace>
              <![CDATA[org.openqa.selenium.SessionNotCreatedException: session not created
from chrome not reachable
  (Session info: chrome=87.0.4280.88)
Build info: version: '3.141.59', revision: 'e82be7d358', time: '2018-11-14T08:25:48'
System info: host: 'DESKTOP-90MBKRF', ip: '192.168.56.1', os.name: 'Windows 10', os.arch: 'amd64', os.version: '10.0', java.version: '1.8.0_251'
Driver info: driver.version: ChromeDriver
remote stacktrace: Backtrace:
Ordinal0 [0x0061C0C3+3326147]
Ordinal0 [0x00500851+2164817]
Ordinal0 [0x00387140+618816]
Ordinal0 [0x0037D404+578564]
Ordinal0 [0x0037DACB+580299]
Ordinal0 [0x0037ED35+585013]
Ordinal0 [0x00379D61+564577]
Ordinal0 [0x003882C0+623296]
Ordinal0 [0x00326BDD+224221]
Ordinal0 [0x00325CAC+220332]
Ordinal0 [0x0032189B+202907]
Ordinal0 [0x00303DF4+81396]
Ordinal0 [0x00304DEE+85486]
Ordinal0 [0x00304D79+85369]
Ordinal0 [0x005185DC+2262492]
GetHandleVerifier [0x007A2874+1487204]
GetHandleVerifier [0x007A23CD+1486013]
GetHandleVerifier [0x007AA368+1518680]
GetHandleVerifier [0x007A2F4E+1488958]
Ordinal0 [0x0050ED0D+2223373]
Ordinal0 [0x0051A12B+2269483]
Ordinal0 [0x0051A26F+2269807]
Ordinal0 [0x0052ECB8+2354360]
BaseThreadInitThunk [0x772B6359+25]
RtlGetAppContainerNamedObjectPath [0x774A8944+228]
RtlGetAppContainerNamedObjectPath [0x774A8914+180]

at sun.reflect.NativeConstructorAccessorImpl.newInstance0(Native Method)
at sun.reflect.NativeConstructorAccessorImpl.newInstance(Unknown Source)
at sun.reflect.DelegatingConstructorAccessorImpl.newInstance(Unknown Source)
at java.lang.reflect.Constructor.newInstance(Unknown Source)
at org.openqa.selenium.remote.W3CHandshakeResponse.lambda$errorHandler$0(W3CHandshakeResponse.java:62)
at org.openqa.selenium.remote.HandshakeResponse.lambda$getResponseFunction$0(HandshakeResponse.java:30)
at org.openqa.selenium.remote.ProtocolHandshake.lambda$createSession$0(ProtocolHandshake.java:126)
at java.util.stream.ReferencePipeline$3$1.accept(Unknown Source)
at java.util.Spliterators$ArraySpliterator.tryAdvance(Unknown Source)
at java.util.stream.ReferencePipeline.forEachWithCancel(Unknown Source)
at java.util.stream.AbstractPipeline.copyIntoWithCancel(Unknown Source)
at java.util.stream.AbstractPipeline.copyInto(Unknown Source)
at java.util.stream.AbstractPipeline.wrapAndCopyInto(Unknown Source)
at java.util.stream.FindOps$FindOp.evaluateSequential(Unknown Source)
at java.util.stream.AbstractPipeline.evaluate(Unknown Source)
at java.util.stream.ReferencePipeline.findFirst(Unknown Source)
at org.openqa.selenium.remote.ProtocolHandshake.createSession(ProtocolHandshake.java:128)
at org.openqa.selenium.remote.ProtocolHandshake.createSession(ProtocolHandshake.java:74)
at org.openqa.selenium.remote.HttpCommandExecutor.execute(HttpCommandExecutor.java:136)
at org.openqa.selenium.remote.service.DriverCommandExecutor.execute(DriverCommandExecutor.java:83)
at org.openqa.selenium.remote.RemoteWebDriver.execute(RemoteWebDriver.java:552)
at org.openqa.selenium.remote.RemoteWebDriver.startSession(RemoteWebDriver.java:213)
at org.openqa.selenium.remote.RemoteWebDriver.<init>(RemoteWebDriver.java:131)
at org.openqa.selenium.chrome.ChromeDriver.<init>(ChromeDriver.java:181)
at org.openqa.selenium.chrome.ChromeDriver.<init>(ChromeDriver.java:168)
at org.openqa.selenium.chrome.ChromeDriver.<init>(ChromeDriver.java:157)
at resources.base.initialisationBrowser(base.java:43)
at Academy.E2EProject.AddEnquiryMain.before(AddEnquiryMain.java:26)
at sun.reflect.NativeMethodAccessorImpl.invoke0(Native Method)
at sun.reflect.NativeMethodAccessorImpl.invoke(Unknown Source)
at sun.reflect.DelegatingMethodAccessorImpl.invoke(Unknown Source)
at java.lang.reflect.Method.invoke(Unknown Source)
at org.testng.internal.MethodInvocationHelper.invokeMethod(MethodInvocationHelper.java:124)
at org.testng.internal.MethodInvocationHelper.invokeMethodConsideringTimeout(MethodInvocationHelper.java:59)
at org.testng.internal.Invoker.invokeConfigurationMethod(Invoker.java:458)
at org.testng.internal.Invoker.invokeConfigurations(Invoker.java:222)
at org.testng.internal.Invoker.invokeConfigurations(Invoker.java:142)
at org.testng.TestRunner.beforeRun(TestRunner.java:529)
at org.testng.TestRunner.run(TestRunner.java:497)
at org.testng.SuiteRunner.runTest(SuiteRunner.java:455)
at org.testng.SuiteRunner.runSequentially(SuiteRunner.java:450)
at org.testng.SuiteRunner.privateRun(SuiteRunner.java:415)
at org.testng.SuiteRunner.run(SuiteRunner.java:364)
at org.testng.SuiteRunnerWorker.runSuite(SuiteRunnerWorker.java:52)
at org.testng.SuiteRunnerWorker.run(SuiteRunnerWorker.java:84)
at org.testng.TestNG.runSuitesSequentially(TestNG.java:1208)
at org.testng.TestNG.runSuitesLocally(TestNG.java:1137)
at org.testng.TestNG.runSuites(TestNG.java:1049)
at org.testng.TestNG.run(TestNG.java:1017)
at org.testng.remote.AbstractRemoteTestNG.run(AbstractRemoteTestNG.java:114)
at org.testng.remote.RemoteTestNG.initAndRun(RemoteTestNG.java:251)
at org.testng.remote.RemoteTestNG.main(RemoteTestNG.java:77)
]]>
            </full-stacktrace>
          </exception> <!-- org.openqa.selenium.SessionNotCreatedException -->
          <reporter-output>
          </reporter-output>
        </test-method> <!-- enquiryAdd -->
        <test-method status="SKIP" signature="after()[pri:0, instance:Academy.E2EProject.AddEnquiryMain@7995092a]" name="after" is-config="true" duration-ms="0" started-at="2020-12-30T13:22:07Z" finished-at="2020-12-30T13:22:07Z">
          <reporter-output>
          </reporter-output>
        </test-method> <!-- after -->
      </class> <!-- Academy.E2EProject.AddEnquiryMain -->
    </test> <!-- Add Enquiry Test Case -->
    <test name="OPD Registration Test Case" duration-ms="13406" started-at="2020-12-30T13:22:07Z" finished-at="2020-12-30T13:22:20Z">
      <class name="Academy.E2EProject.OPDRegistrationMain">
        <test-method status="FAIL" signature="before()[pri:0, instance:Academy.E2EProject.OPDRegistrationMain@1e730495]" name="before" is-config="true" duration-ms="13385" started-at="2020-12-30T13:22:07Z" finished-at="2020-12-30T13:22:20Z">
          <exception class="org.openqa.selenium.SessionNotCreatedException">
            <message>
              <![CDATA[session not created
from chrome not reachable
  (Session info: chrome=87.0.4280.88)
Build info: version: '3.141.59', revision: 'e82be7d358', time: '2018-11-14T08:25:48'
System info: host: 'DESKTOP-90MBKRF', ip: '192.168.56.1', os.name: 'Windows 10', os.arch: 'amd64', os.version: '10.0', java.version: '1.8.0_251'
Driver info: driver.version: ChromeDriver
remote stacktrace: Backtrace:
Ordinal0 [0x0061C0C3+3326147]
Ordinal0 [0x00500851+2164817]
Ordinal0 [0x00387140+618816]
Ordinal0 [0x0037D404+578564]
Ordinal0 [0x0037DACB+580299]
Ordinal0 [0x0037ED35+585013]
Ordinal0 [0x00379D61+564577]
Ordinal0 [0x003882C0+623296]
Ordinal0 [0x00326BDD+224221]
Ordinal0 [0x00325CAC+220332]
Ordinal0 [0x0032189B+202907]
Ordinal0 [0x00303DF4+81396]
Ordinal0 [0x00304DEE+85486]
Ordinal0 [0x00304D79+85369]
Ordinal0 [0x005185DC+2262492]
GetHandleVerifier [0x007A2874+1487204]
GetHandleVerifier [0x007A23CD+1486013]
GetHandleVerifier [0x007AA368+1518680]
GetHandleVerifier [0x007A2F4E+1488958]
Ordinal0 [0x0050ED0D+2223373]
Ordinal0 [0x0051A12B+2269483]
Ordinal0 [0x0051A26F+2269807]
Ordinal0 [0x0052ECB8+2354360]
BaseThreadInitThunk [0x772B6359+25]
RtlGetAppContainerNamedObjectPath [0x774A8944+228]
RtlGetAppContainerNamedObjectPath [0x774A8914+180]
]]>
            </message>
            <full-stacktrace>
              <![CDATA[org.openqa.selenium.SessionNotCreatedException: session not created
from chrome not reachable
  (Session info: chrome=87.0.4280.88)
Build info: version: '3.141.59', revision: 'e82be7d358', time: '2018-11-14T08:25:48'
System info: host: 'DESKTOP-90MBKRF', ip: '192.168.56.1', os.name: 'Windows 10', os.arch: 'amd64', os.version: '10.0', java.version: '1.8.0_251'
Driver info: driver.version: ChromeDriver
remote stacktrace: Backtrace:
Ordinal0 [0x0061C0C3+3326147]
Ordinal0 [0x00500851+2164817]
Ordinal0 [0x00387140+618816]
Ordinal0 [0x0037D404+578564]
Ordinal0 [0x0037DACB+580299]
Ordinal0 [0x0037ED35+585013]
Ordinal0 [0x00379D61+564577]
Ordinal0 [0x003882C0+623296]
Ordinal0 [0x00326BDD+224221]
Ordinal0 [0x00325CAC+220332]
Ordinal0 [0x0032189B+202907]
Ordinal0 [0x00303DF4+81396]
Ordinal0 [0x00304DEE+85486]
Ordinal0 [0x00304D79+85369]
Ordinal0 [0x005185DC+2262492]
GetHandleVerifier [0x007A2874+1487204]
GetHandleVerifier [0x007A23CD+1486013]
GetHandleVerifier [0x007AA368+1518680]
GetHandleVerifier [0x007A2F4E+1488958]
Ordinal0 [0x0050ED0D+2223373]
Ordinal0 [0x0051A12B+2269483]
Ordinal0 [0x0051A26F+2269807]
Ordinal0 [0x0052ECB8+2354360]
BaseThreadInitThunk [0x772B6359+25]
RtlGetAppContainerNamedObjectPath [0x774A8944+228]
RtlGetAppContainerNamedObjectPath [0x774A8914+180]

at sun.reflect.NativeConstructorAccessorImpl.newInstance0(Native Method)
at sun.reflect.NativeConstructorAccessorImpl.newInstance(Unknown Source)
at sun.reflect.DelegatingConstructorAccessorImpl.newInstance(Unknown Source)
at java.lang.reflect.Constructor.newInstance(Unknown Source)
at org.openqa.selenium.remote.W3CHandshakeResponse.lambda$errorHandler$0(W3CHandshakeResponse.java:62)
at org.openqa.selenium.remote.HandshakeResponse.lambda$getResponseFunction$0(HandshakeResponse.java:30)
at org.openqa.selenium.remote.ProtocolHandshake.lambda$createSession$0(ProtocolHandshake.java:126)
at java.util.stream.ReferencePipeline$3$1.accept(Unknown Source)
at java.util.Spliterators$ArraySpliterator.tryAdvance(Unknown Source)
at java.util.stream.ReferencePipeline.forEachWithCancel(Unknown Source)
at java.util.stream.AbstractPipeline.copyIntoWithCancel(Unknown Source)
at java.util.stream.AbstractPipeline.copyInto(Unknown Source)
at java.util.stream.AbstractPipeline.wrapAndCopyInto(Unknown Source)
at java.util.stream.FindOps$FindOp.evaluateSequential(Unknown Source)
at java.util.stream.AbstractPipeline.evaluate(Unknown Source)
at java.util.stream.ReferencePipeline.findFirst(Unknown Source)
at org.openqa.selenium.remote.ProtocolHandshake.createSession(ProtocolHandshake.java:128)
at org.openqa.selenium.remote.ProtocolHandshake.createSession(ProtocolHandshake.java:74)
at org.openqa.selenium.remote.HttpCommandExecutor.execute(HttpCommandExecutor.java:136)
at org.openqa.selenium.remote.service.DriverCommandExecutor.execute(DriverCommandExecutor.java:83)
at org.openqa.selenium.remote.RemoteWebDriver.execute(RemoteWebDriver.java:552)
at org.openqa.selenium.remote.RemoteWebDriver.startSession(RemoteWebDriver.java:213)
at org.openqa.selenium.remote.RemoteWebDriver.<init>(RemoteWebDriver.java:131)
at org.openqa.selenium.chrome.ChromeDriver.<init>(ChromeDriver.java:181)
at org.openqa.selenium.chrome.ChromeDriver.<init>(ChromeDriver.java:168)
at org.openqa.selenium.chrome.ChromeDriver.<init>(ChromeDriver.java:157)
at resources.base.initialisationBrowser(base.java:43)
at Academy.E2EProject.OPDRegistrationMain.before(OPDRegistrationMain.java:31)
at sun.reflect.NativeMethodAccessorImpl.invoke0(Native Method)
at sun.reflect.NativeMethodAccessorImpl.invoke(Unknown Source)
at sun.reflect.DelegatingMethodAccessorImpl.invoke(Unknown Source)
at java.lang.reflect.Method.invoke(Unknown Source)
at org.testng.internal.MethodInvocationHelper.invokeMethod(MethodInvocationHelper.java:124)
at org.testng.internal.MethodInvocationHelper.invokeMethodConsideringTimeout(MethodInvocationHelper.java:59)
at org.testng.internal.Invoker.invokeConfigurationMethod(Invoker.java:458)
at org.testng.internal.Invoker.invokeConfigurations(Invoker.java:222)
at org.testng.internal.Invoker.invokeConfigurations(Invoker.java:142)
at org.testng.TestRunner.beforeRun(TestRunner.java:529)
at org.testng.TestRunner.run(TestRunner.java:497)
at org.testng.SuiteRunner.runTest(SuiteRunner.java:455)
at org.testng.SuiteRunner.runSequentially(SuiteRunner.java:450)
at org.testng.SuiteRunner.privateRun(SuiteRunner.java:415)
at org.testng.SuiteRunner.run(SuiteRunner.java:364)
at org.testng.SuiteRunnerWorker.runSuite(SuiteRunnerWorker.java:52)
at org.testng.SuiteRunnerWorker.run(SuiteRunnerWorker.java:84)
at org.testng.TestNG.runSuitesSequentially(TestNG.java:1208)
at org.testng.TestNG.runSuitesLocally(TestNG.java:1137)
at org.testng.TestNG.runSuites(TestNG.java:1049)
at org.testng.TestNG.run(TestNG.java:1017)
at org.testng.remote.AbstractRemoteTestNG.run(AbstractRemoteTestNG.java:114)
at org.testng.remote.RemoteTestNG.initAndRun(RemoteTestNG.java:251)
at org.testng.remote.RemoteTestNG.main(RemoteTestNG.java:77)
]]>
            </full-stacktrace>
          </exception> <!-- org.openqa.selenium.SessionNotCreatedException -->
          <reporter-output>
          </reporter-output>
        </test-method> <!-- before -->
        <test-method status="SKIP" signature="OPDRegMethod()[pri:0, instance:Academy.E2EProject.OPDRegistrationMain@1e730495]" name="OPDRegMethod" duration-ms="0" started-at="2020-12-30T13:22:20Z" finished-at="2020-12-30T13:22:20Z">
          <exception class="org.openqa.selenium.SessionNotCreatedException">
            <message>
              <![CDATA[session not created
from chrome not reachable
  (Session info: chrome=87.0.4280.88)
Build info: version: '3.141.59', revision: 'e82be7d358', time: '2018-11-14T08:25:48'
System info: host: 'DESKTOP-90MBKRF', ip: '192.168.56.1', os.name: 'Windows 10', os.arch: 'amd64', os.version: '10.0', java.version: '1.8.0_251'
Driver info: driver.version: ChromeDriver
remote stacktrace: Backtrace:
Ordinal0 [0x0061C0C3+3326147]
Ordinal0 [0x00500851+2164817]
Ordinal0 [0x00387140+618816]
Ordinal0 [0x0037D404+578564]
Ordinal0 [0x0037DACB+580299]
Ordinal0 [0x0037ED35+585013]
Ordinal0 [0x00379D61+564577]
Ordinal0 [0x003882C0+623296]
Ordinal0 [0x00326BDD+224221]
Ordinal0 [0x00325CAC+220332]
Ordinal0 [0x0032189B+202907]
Ordinal0 [0x00303DF4+81396]
Ordinal0 [0x00304DEE+85486]
Ordinal0 [0x00304D79+85369]
Ordinal0 [0x005185DC+2262492]
GetHandleVerifier [0x007A2874+1487204]
GetHandleVerifier [0x007A23CD+1486013]
GetHandleVerifier [0x007AA368+1518680]
GetHandleVerifier [0x007A2F4E+1488958]
Ordinal0 [0x0050ED0D+2223373]
Ordinal0 [0x0051A12B+2269483]
Ordinal0 [0x0051A26F+2269807]
Ordinal0 [0x0052ECB8+2354360]
BaseThreadInitThunk [0x772B6359+25]
RtlGetAppContainerNamedObjectPath [0x774A8944+228]
RtlGetAppContainerNamedObjectPath [0x774A8914+180]
]]>
            </message>
            <full-stacktrace>
              <![CDATA[org.openqa.selenium.SessionNotCreatedException: session not created
from chrome not reachable
  (Session info: chrome=87.0.4280.88)
Build info: version: '3.141.59', revision: 'e82be7d358', time: '2018-11-14T08:25:48'
System info: host: 'DESKTOP-90MBKRF', ip: '192.168.56.1', os.name: 'Windows 10', os.arch: 'amd64', os.version: '10.0', java.version: '1.8.0_251'
Driver info: driver.version: ChromeDriver
remote stacktrace: Backtrace:
Ordinal0 [0x0061C0C3+3326147]
Ordinal0 [0x00500851+2164817]
Ordinal0 [0x00387140+618816]
Ordinal0 [0x0037D404+578564]
Ordinal0 [0x0037DACB+580299]
Ordinal0 [0x0037ED35+585013]
Ordinal0 [0x00379D61+564577]
Ordinal0 [0x003882C0+623296]
Ordinal0 [0x00326BDD+224221]
Ordinal0 [0x00325CAC+220332]
Ordinal0 [0x0032189B+202907]
Ordinal0 [0x00303DF4+81396]
Ordinal0 [0x00304DEE+85486]
Ordinal0 [0x00304D79+85369]
Ordinal0 [0x005185DC+2262492]
GetHandleVerifier [0x007A2874+1487204]
GetHandleVerifier [0x007A23CD+1486013]
GetHandleVerifier [0x007AA368+1518680]
GetHandleVerifier [0x007A2F4E+1488958]
Ordinal0 [0x0050ED0D+2223373]
Ordinal0 [0x0051A12B+2269483]
Ordinal0 [0x0051A26F+2269807]
Ordinal0 [0x0052ECB8+2354360]
BaseThreadInitThunk [0x772B6359+25]
RtlGetAppContainerNamedObjectPath [0x774A8944+228]
RtlGetAppContainerNamedObjectPath [0x774A8914+180]

at sun.reflect.NativeConstructorAccessorImpl.newInstance0(Native Method)
at sun.reflect.NativeConstructorAccessorImpl.newInstance(Unknown Source)
at sun.reflect.DelegatingConstructorAccessorImpl.newInstance(Unknown Source)
at java.lang.reflect.Constructor.newInstance(Unknown Source)
at org.openqa.selenium.remote.W3CHandshakeResponse.lambda$errorHandler$0(W3CHandshakeResponse.java:62)
at org.openqa.selenium.remote.HandshakeResponse.lambda$getResponseFunction$0(HandshakeResponse.java:30)
at org.openqa.selenium.remote.ProtocolHandshake.lambda$createSession$0(ProtocolHandshake.java:126)
at java.util.stream.ReferencePipeline$3$1.accept(Unknown Source)
at java.util.Spliterators$ArraySpliterator.tryAdvance(Unknown Source)
at java.util.stream.ReferencePipeline.forEachWithCancel(Unknown Source)
at java.util.stream.AbstractPipeline.copyIntoWithCancel(Unknown Source)
at java.util.stream.AbstractPipeline.copyInto(Unknown Source)
at java.util.stream.AbstractPipeline.wrapAndCopyInto(Unknown Source)
at java.util.stream.FindOps$FindOp.evaluateSequential(Unknown Source)
at java.util.stream.AbstractPipeline.evaluate(Unknown Source)
at java.util.stream.ReferencePipeline.findFirst(Unknown Source)
at org.openqa.selenium.remote.ProtocolHandshake.createSession(ProtocolHandshake.java:128)
at org.openqa.selenium.remote.ProtocolHandshake.createSession(ProtocolHandshake.java:74)
at org.openqa.selenium.remote.HttpCommandExecutor.execute(HttpCommandExecutor.java:136)
at org.openqa.selenium.remote.service.DriverCommandExecutor.execute(DriverCommandExecutor.java:83)
at org.openqa.selenium.remote.RemoteWebDriver.execute(RemoteWebDriver.java:552)
at org.openqa.selenium.remote.RemoteWebDriver.startSession(RemoteWebDriver.java:213)
at org.openqa.selenium.remote.RemoteWebDriver.<init>(RemoteWebDriver.java:131)
at org.openqa.selenium.chrome.ChromeDriver.<init>(ChromeDriver.java:181)
at org.openqa.selenium.chrome.ChromeDriver.<init>(ChromeDriver.java:168)
at org.openqa.selenium.chrome.ChromeDriver.<init>(ChromeDriver.java:157)
at resources.base.initialisationBrowser(base.java:43)
at Academy.E2EProject.OPDRegistrationMain.before(OPDRegistrationMain.java:31)
at sun.reflect.NativeMethodAccessorImpl.invoke0(Native Method)
at sun.reflect.NativeMethodAccessorImpl.invoke(Unknown Source)
at sun.reflect.DelegatingMethodAccessorImpl.invoke(Unknown Source)
at java.lang.reflect.Method.invoke(Unknown Source)
at org.testng.internal.MethodInvocationHelper.invokeMethod(MethodInvocationHelper.java:124)
at org.testng.internal.MethodInvocationHelper.invokeMethodConsideringTimeout(MethodInvocationHelper.java:59)
at org.testng.internal.Invoker.invokeConfigurationMethod(Invoker.java:458)
at org.testng.internal.Invoker.invokeConfigurations(Invoker.java:222)
at org.testng.internal.Invoker.invokeConfigurations(Invoker.java:142)
at org.testng.TestRunner.beforeRun(TestRunner.java:529)
at org.testng.TestRunner.run(TestRunner.java:497)
at org.testng.SuiteRunner.runTest(SuiteRunner.java:455)
at org.testng.SuiteRunner.runSequentially(SuiteRunner.java:450)
at org.testng.SuiteRunner.privateRun(SuiteRunner.java:415)
at org.testng.SuiteRunner.run(SuiteRunner.java:364)
at org.testng.SuiteRunnerWorker.runSuite(SuiteRunnerWorker.java:52)
at org.testng.SuiteRunnerWorker.run(SuiteRunnerWorker.java:84)
at org.testng.TestNG.runSuitesSequentially(TestNG.java:1208)
at org.testng.TestNG.runSuitesLocally(TestNG.java:1137)
at org.testng.TestNG.runSuites(TestNG.java:1049)
at org.testng.TestNG.run(TestNG.java:1017)
at org.testng.remote.AbstractRemoteTestNG.run(AbstractRemoteTestNG.java:114)
at org.testng.remote.RemoteTestNG.initAndRun(RemoteTestNG.java:251)
at org.testng.remote.RemoteTestNG.main(RemoteTestNG.java:77)
]]>
            </full-stacktrace>
          </exception> <!-- org.openqa.selenium.SessionNotCreatedException -->
          <reporter-output>
          </reporter-output>
        </test-method> <!-- OPDRegMethod -->
        <test-method status="SKIP" signature="after()[pri:0, instance:Academy.E2EProject.OPDRegistrationMain@1e730495]" name="after" is-config="true" duration-ms="0" started-at="2020-12-30T13:22:20Z" finished-at="2020-12-30T13:22:20Z">
          <reporter-output>
          </reporter-output>
        </test-method> <!-- after -->
      </class> <!-- Academy.E2EProject.OPDRegistrationMain -->
    </test> <!-- OPD Registration Test Case -->
  </suite> <!-- HMS Rajbahadur -->
</testng-results>
